time="2018-11-06T16:52:27+08:00" level=info msg="sql/Users/coseman/GoLand/src/gin-first/repositories/user_repository.go:6071.24947msSELECT * FROM `user`  WHERE `user`.`deleted_at` IS NULL AND ((user_name = ?)) ORDER BY `user`.`id` ASC LIMIT 1[admin] 1"
time="2018-11-06T16:52:28+08:00" level=info msg="sql/Users/coseman/GoLand/src/gin-first/repositories/user_repository.go:6069.621273msSELECT * FROM `user`  WHERE `user`.`deleted_at` IS NULL AND ((user_name = ?)) ORDER BY `user`.`id` ASC LIMIT 1[admin] 1"
time="2018-11-06T16:52:28+08:00" level=info msg="sql/Users/coseman/GoLand/src/gin-first/repositories/user_repository.go:6069.609024msSELECT * FROM `user`  WHERE `user`.`deleted_at` IS NULL AND ((phone = ?)) ORDER BY `user`.`id` ASC LIMIT 1[1315223067] 1"
time="2018-11-06T16:52:28+08:00" level=info msg="sql/Users/coseman/GoLand/src/gin-first/repositories/user_repository.go:5070.627951msSELECT * FROM `user`  WHERE `user`.`deleted_at` IS NULL AND ((id = ?)) ORDER BY `user`.`id` ASC LIMIT 1[2066ed30-380b-4620-9cbe-3b5586ef67ce] 1"
time="2018-11-06T16:52:28+08:00" level=info msg="sql/Users/coseman/GoLand/src/gin-first/repositories/user_repository.go:3770.764866msUPDATE `user` SET `user_name` = ?, `password` = ?, `phone` = ?, `email` = ?, `merchant_no` = ?, `flag` = ?, `logon_count` = ?, `status` = ?, `login_time` = ?, `created_at` = ?, `updated_at` = ?, `deleted_at` = ?, `role_id` = ?  WHERE `user`.`deleted_at` IS NULL AND `user`.`id` = ?[admin a43242d4326309308a6f07d3c62788812b90bd8d18c692bdad38add40d1c3221 1315223067   0 45 0 2018-11-06 16:52:27.987566286 +0800 CST m=+3841.907467819 2018-10-24 14:51:01 +0800 CST 2018-11-06 16:52:28.231756003 +0800 CST m=+3842.151657047 <nil> 0xc420446ef0 2066ed30-380b-4620-9cbe-3b5586ef67ce] 1"
time="2018-11-06T16:53:50+08:00" level=info msg="sql/Users/coseman/GoLand/src/gin-first/repositories/role_repository.go:6182.833054msSELECT * FROM `role`  WHERE `role`.`deleted_at` IS NULL AND ((role_name = ?)) ORDER BY `role`.`id` ASC LIMIT 1[操作员6] 1"
time="2018-11-06T16:53:59+08:00" level=info msg="sql/Users/coseman/GoLand/src/gin-first/repositories/role_repository.go:6170.089819msSELECT * FROM `role`  WHERE `role`.`deleted_at` IS NULL AND ((role_name = ?)) ORDER BY `role`.`id` ASC LIMIT 1[操作员23] 0"
time="2018-11-06T16:53:59+08:00" level=info msg="sql/Users/coseman/GoLand/src/gin-first/repositories/role_repository.go:3369.456362msINSERT INTO `role` (`id`,`role_name`,`role_key`,`description`,`created_at`,`updated_at`,`deleted_at`) VALUES (?,?,?,?,?,?,?)[2820b795-36bd-426d-bbf6-1cce0d70a4d9 操作员23 ROLE_OPT hehehehheeheh 2018-11-06 16:53:59.711750044 +0800 CST m=+3933.631468101 2018-11-06 16:53:59.711750044 +0800 CST m=+3933.631468101 <nil>] 1"
time="2018-11-06T17:18:02+08:00" level=info msg="log/Users/coseman/GoLand/src/gin-first/repositories/role_repository.go:61invalid connection"
time="2018-11-06T17:18:02+08:00" level=info msg="sql/Users/coseman/GoLand/src/gin-first/repositories/role_repository.go:6133.348174msSELECT * FROM `role`  WHERE `role`.`deleted_at` IS NULL AND ((role_name = ?)) ORDER BY `role`.`id` ASC LIMIT 1[操作员23] 0"
time="2018-11-06T17:18:02+08:00" level=info msg="log/Users/coseman/GoLand/src/gin-first/repositories/role_repository.go:33Error 1062: Duplicate entry '操作员23' for key 'role_name'"
time="2018-11-06T17:18:02+08:00" level=info msg="sql/Users/coseman/GoLand/src/gin-first/repositories/role_repository.go:3376.229516msINSERT INTO `role` (`id`,`role_name`,`role_key`,`description`,`created_at`,`updated_at`,`deleted_at`) VALUES (?,?,?,?,?,?,?)[1394c50b-f104-43ad-9f9b-19f4da066e89 操作员23 ROLE_OPT hehehehheeheh 2018-11-06 17:18:02.508056992 +0800 CST m=+5376.424898901 2018-11-06 17:18:02.508056992 +0800 CST m=+5376.424898901 <nil>] 0"
time="2018-11-06T17:19:03+08:00" level=info msg="sql/Users/coseman/GoLand/src/gin-first/repositories/role_repository.go:6164.303461msSELECT * FROM `role`  WHERE `role`.`deleted_at` IS NULL AND ((role_name = ?)) ORDER BY `role`.`id` ASC LIMIT 1[操作员23] 1"
time="2018-11-06T17:19:05+08:00" level=info msg="sql/Users/coseman/GoLand/src/gin-first/repositories/role_repository.go:6169.671359msSELECT * FROM `role`  WHERE `role`.`deleted_at` IS NULL AND ((role_name = ?)) ORDER BY `role`.`id` ASC LIMIT 1[操作员23] 1"
time="2018-11-06T17:19:06+08:00" level=info msg="sql/Users/coseman/GoLand/src/gin-first/repositories/role_repository.go:6168.829604msSELECT * FROM `role`  WHERE `role`.`deleted_at` IS NULL AND ((role_name = ?)) ORDER BY `role`.`id` ASC LIMIT 1[操作员23] 1"
time="2018-11-06T17:19:06+08:00" level=info msg="sql/Users/coseman/GoLand/src/gin-first/repositories/role_repository.go:6169.29135msSELECT * FROM `role`  WHERE `role`.`deleted_at` IS NULL AND ((role_name = ?)) ORDER BY `role`.`id` ASC LIMIT 1[操作员23] 1"
time="2018-11-06T17:19:07+08:00" level=info msg="sql/Users/coseman/GoLand/src/gin-first/repositories/role_repository.go:6171.041893msSELECT * FROM `role`  WHERE `role`.`deleted_at` IS NULL AND ((role_name = ?)) ORDER BY `role`.`id` ASC LIMIT 1[操作员23] 1"
time="2018-11-06T17:19:08+08:00" level=info msg="sql/Users/coseman/GoLand/src/gin-first/repositories/role_repository.go:6179.112303msSELECT * FROM `role`  WHERE `role`.`deleted_at` IS NULL AND ((role_name = ?)) ORDER BY `role`.`id` ASC LIMIT 1[操作员23] 1"
time="2018-11-06T17:19:16+08:00" level=info msg="sql/Users/coseman/GoLand/src/gin-first/repositories/role_repository.go:6165.081711msSELECT * FROM `role`  WHERE `role`.`deleted_at` IS NULL AND ((role_name = ?)) ORDER BY `role`.`id` ASC LIMIT 1[操作员23] 1"
time="2018-11-06T17:19:17+08:00" level=info msg="sql/Users/coseman/GoLand/src/gin-first/repositories/role_repository.go:6171.648039msSELECT * FROM `role`  WHERE `role`.`deleted_at` IS NULL AND ((role_name = ?)) ORDER BY `role`.`id` ASC LIMIT 1[操作员23] 1"
time="2018-11-06T17:19:18+08:00" level=info msg="sql/Users/coseman/GoLand/src/gin-first/repositories/role_repository.go:6177.704515msSELECT * FROM `role`  WHERE `role`.`deleted_at` IS NULL AND ((role_name = ?)) ORDER BY `role`.`id` ASC LIMIT 1[操作员23] 1"
time="2018-11-06T17:19:19+08:00" level=info msg="sql/Users/coseman/GoLand/src/gin-first/repositories/role_repository.go:6167.451929msSELECT * FROM `role`  WHERE `role`.`deleted_at` IS NULL AND ((role_name = ?)) ORDER BY `role`.`id` ASC LIMIT 1[操作员23] 1"
time="2018-11-06T17:19:22+08:00" level=info msg="sql/Users/coseman/GoLand/src/gin-first/repositories/user_repository.go:6080.347434msSELECT * FROM `user`  WHERE `user`.`deleted_at` IS NULL AND ((user_name = ?)) ORDER BY `user`.`id` ASC LIMIT 1[admin] 1"
time="2018-11-06T17:19:22+08:00" level=info msg="sql/Users/coseman/GoLand/src/gin-first/repositories/user_repository.go:6082.426383msSELECT * FROM `user`  WHERE `user`.`deleted_at` IS NULL AND ((user_name = ?)) ORDER BY `user`.`id` ASC LIMIT 1[admin] 1"
time="2018-11-06T17:19:22+08:00" level=info msg="sql/Users/coseman/GoLand/src/gin-first/repositories/user_repository.go:6073.302609msSELECT * FROM `user`  WHERE `user`.`deleted_at` IS NULL AND ((phone = ?)) ORDER BY `user`.`id` ASC LIMIT 1[1315223067] 1"
time="2018-11-06T17:19:22+08:00" level=info msg="sql/Users/coseman/GoLand/src/gin-first/repositories/user_repository.go:5076.626496msSELECT * FROM `user`  WHERE `user`.`deleted_at` IS NULL AND ((id = ?)) ORDER BY `user`.`id` ASC LIMIT 1[2066ed30-380b-4620-9cbe-3b5586ef67ce] 1"
time="2018-11-06T17:19:22+08:00" level=info msg="sql/Users/coseman/GoLand/src/gin-first/repositories/user_repository.go:3768.635782msUPDATE `user` SET `user_name` = ?, `password` = ?, `phone` = ?, `email` = ?, `merchant_no` = ?, `flag` = ?, `logon_count` = ?, `status` = ?, `login_time` = ?, `created_at` = ?, `updated_at` = ?, `deleted_at` = ?, `role_id` = ?  WHERE `user`.`deleted_at` IS NULL AND `user`.`id` = ?[admin a43242d4326309308a6f07d3c62788812b90bd8d18c692bdad38add40d1c3221 1315223067   0 46 0 2018-11-06 17:19:22.3302651 +0800 CST m=+5456.246947520 2018-10-24 14:51:01 +0800 CST 2018-11-06 17:19:22.599820922 +0800 CST m=+5456.516502803 <nil> 0xc42041a810 2066ed30-380b-4620-9cbe-3b5586ef67ce] 1"
